<?xml version="1.0" encoding="UTF-8"?>
<!-- Generated by org.testng.reporters.JUnitXMLReporter -->
<testsuite ignored="0" hostname="DESKTOP-5824EA3" failures="1" tests="5" name="TestOpenWeb" time="81.309" errors="0" timestamp="2024-04-08T22:03:12 ICT">
  <testcase classname="com.asm2_ktnc.NewTest2" name="openGmail" time="10.692"/>
  <testcase classname="com.asm2_ktnc.NewTest2" name="fillUsername" time="3.803"/>
  <testcase classname="com.asm2_ktnc.NewTest2" name="fillPass" time="3.208"/>
  <testcase classname="com.asm2_ktnc.NewTest2" name="openAP" time="61.677"/>
  <testcase classname="com.asm2_ktnc.NewTest2" name="clickLogin" time="0.007">
    <failure type="java.lang.AssertionError">
      <![CDATA[java.lang.AssertionError: 
at com.asm2_ktnc.NewTest2.clickLogin(NewTest2.java:217)
at java.base/java.util.ArrayList.forEach(ArrayList.java:1596)
... Removed 28 stack frames]]>
    </failure>
  </testcase> <!-- clickLogin -->
</testsuite> <!-- TestOpenWeb -->
